2022-04-28 22:23:09,071 - Mock Version: 3.0
2022-04-28 22:23:09,075 - Start: clean chroot
2022-04-28 22:23:10,959 - Finish: clean chroot
2022-04-28 22:23:10,961 - Start(bootstrap): chroot init
2022-04-28 22:23:10,974 - Start(bootstrap): cleaning package manager metadata
2022-04-28 22:23:10,975 - Finish(bootstrap): cleaning package manager metadata
2022-04-28 22:23:11,178 - Finish(bootstrap): chroot init
2022-04-28 22:23:11,181 - Start: chroot init
2022-04-28 22:23:11,192 - Start: unpacking root cache
2022-04-28 22:23:11,945 - Finish: unpacking root cache
2022-04-28 22:23:11,947 - Start: cleaning package manager metadata
2022-04-28 22:23:11,950 - Finish: cleaning package manager metadata
2022-04-28 22:23:12,761 - Start: dnf update
2022-04-28 22:23:14,578 - Finish: dnf update
2022-04-28 22:23:14,587 - Finish: chroot init
2022-04-28 22:23:14,590 - Start: build phase for cardano-node-1.34.1-2.fc34.src.rpm
2022-04-28 22:23:14,592 - Start: build setup for cardano-node-1.34.1-2.fc34.src.rpm
2022-04-28 22:23:31,238 - Finish: build setup for cardano-node-1.34.1-2.fc34.src.rpm
2022-04-28 22:23:31,239 - Start: rpmbuild cardano-node-1.34.1-2.fc34.src.rpm
2022-04-28 23:39:53,961 - Finish: rpmbuild cardano-node-1.34.1-2.fc34.src.rpm
2022-04-28 23:39:53,991 - Finish: build phase for cardano-node-1.34.1-2.fc34.src.rpm
2022-04-28 23:39:54,063 - Finish: run
