gpg-pubkey-45719a39-5f2c0192 1596719506 0 (none) installed
libgcc-11.2.1-9.fc34.x86_64 1643275848 198708 0f34916982baeca17b9f1e3517fd4226 installed
crypto-policies-20210213-1.git5c710c0.fc34.noarch 1613221317 85288 8669fbb8e99ab7d5d26ac2cd4fc6c4b5 installed
fedora-release-identity-basic-34-39.noarch 1637825783 706 fa730f13206d1833ddd56f2e90902e34 installed
tzdata-2022a-1.fc34.noarch 1648080445 1803367 0de303af15ade48d976da21edaf48b88 installed
rust-srpm-macros-21-1.fc34.noarch 1645370704 2447 86c4ef9d552211b905bbb219d6c36628 installed
libssh-config-0.9.6-1.fc34.noarch 1632239405 277 115f2b8688028e08817ae8b576e49733 installed
fedora-gpg-keys-34-2.noarch 1619631111 116499 a4f98b6947a0f491540672c6d62026ce installed
fedora-release-34-39.noarch 1637825783 0 73c95528d8ea77184be2d7124a80aee8 installed
fedora-repos-34-2.noarch 1619631111 4597 c0c78d4579202cea8d6191783916c485 installed
fedora-release-common-34-39.noarch 1637825783 16513 51a47e8e13dfe722be7b42425c033a76 installed
setup-2.13.7-3.fc34.noarch 1611885234 726441 ffc4415ce8e2fb1bee1950eacaeb1229 installed
filesystem-3.14-5.fc34.x86_64 1611641110 106 d5a9d9a810f2734d0c3bdbc433a6eafc installed
basesystem-11-11.fc34.noarch 1611625529 0 f37a67cee02f627dc27d2ef8985129d9 installed
coreutils-common-8.32-32.fc34.x86_64 1647850343 10880567 6efb4b76b6622b534a0c41fbe24bde96 installed
qt5-srpm-macros-5.15.2-2.fc34.noarch 1611823375 492 38d92f9b84621de0ff7ef09da86aae28 installed
publicsuffix-list-dafsa-20190417-5.fc34.noarch 1611809108 64992 a87c04fa613c586a3e3de26d1556a5b8 installed
pkgconf-m4-1.7.3-6.fc34.noarch 1611806818 14187 a042b1881458a9ab99be6b2bbaf70581 installed
perl-srpm-macros-1-39.fc34.noarch 1611804023 862 1d235fecf1190135715af7ce9d19fe9a installed
pcre2-syntax-10.36-4.fc34.noarch 1613748866 219646 a9927c33816f7689c330836ba56eecc4 installed
openblas-srpm-macros-2-9.fc34.noarch 1611781019 104 eaea0d1d8ed7ad7695558abb0e296b99 installed
ocaml-srpm-macros-6-4.fc34.noarch 1611778305 745 8ca5e3457da5ee6f6884ab1edbc0543b installed
nim-srpm-macros-3-4.fc34.noarch 1611770585 1098 c861f737c8515338b14811cba72b7345 installed
ncurses-base-6.2-4.20200222.fc34.noarch 1611770515 292349 636d18e9071ad9b04d0934b1ee004aee installed
bash-5.1.0-2.fc34.x86_64 1611625556 7739748 ef51add9daad6b22916816c848b95965 installed
ncurses-libs-6.2-4.20200222.fc34.x86_64 1611766576 993607 35666d234548dab8905ff1c1cd7f9f1e installed
glibc-common-2.33-21.fc34.x86_64 1643161903 8080742 6f42c7e9b72aac7c59ba119fb3790218 installed
glibc-minimal-langpack-2.33-21.fc34.x86_64 1643161903 0 fa556e9e5410df8af07daa5fa9787634 installed
glibc-2.33-21.fc34.x86_64 1643161903 14652148 2de06cade68fa5f718e721a7ac5850c9 installed
zlib-1.2.11-26.fc34.x86_64 1617200601 203553 9cc469516534cddcb1a65df51d77b42c installed
xz-libs-5.2.5-5.fc34.x86_64 1611908414 181325 748b002a92331d984fb55fd54ae989c6 installed
bzip2-libs-1.0.8-6.fc34.x86_64 1611920393 78772 b00bdd2fe7f3777166764fd6cb8e7ad8 installed
elfutils-libelf-0.186-1.fc34.x86_64 1637847399 1027785 bc9475a317b0a11c6cda6c73af583880 installed
libstdc++-11.2.1-9.fc34.x86_64 1643275848 2487247 f964533db94cdd870457337402f780d0 installed
libxcrypt-4.4.28-1.fc34.x86_64 1643755524 275498 90bc5c5e664eb60c3638002f1de64725 installed
libzstd-1.5.2-1.fc34.x86_64 1642954840 738611 893f8fe592f880e776ddaafc887433fa installed
gmp-1:6.2.0-6.fc34.x86_64 1611661283 806286 3d7657ba3d311eb6abd212abf9dad18c installed
libattr-2.5.1-1.fc34.x86_64 1615881285 29533 94fa83298ce60f6340e7e08a5b1b5287 installed
libacl-2.3.1-1.fc34.x86_64 1615881590 41274 84445b0983d7b68d567b0e52015ece14 installed
libcap-2.48-2.fc34.x86_64 1613343645 186023 db6789f3b38e1c27114266393453c088 installed
libcom_err-1.45.6-5.fc34.x86_64 1611637090 68553 10dfed3d36d6924cb5cfa937747a6c51 installed
libuuid-2.36.2-1.fc34.x86_64 1613143199 34845 0440cfbb2107430d121839b7dcdef77e installed
popt-1.18-4.fc34.x86_64 1615019341 130408 3a078214c18c36ca490c35ef5e52b797 installed
lz4-libs-1.9.3-2.fc34.x86_64 1611751292 145515 f170f2fcc15c98de6b299ee4e6c0dc4f installed
readline-8.1-2.fc34.x86_64 1611831291 492932 714bbba83553a3c852b3cfbbd2d066a1 installed
mpfr-4.1.0-7.fc34.x86_64 1621737500 803903 6194a2f9ac8099a261780e307e6e7cb7 installed
unzip-6.0-50.fc34.x86_64 1611899183 398971 bdda4cd00fa0379f0bc59a1298e82bfb installed
sqlite-libs-3.34.1-2.fc34.x86_64 1611890041 1310976 0fe05e0d43f9ada2d33542d30acbbf61 installed
file-libs-5.39-7.fc34.x86_64 1632926866 8090322 dba793a25257d6d6952dd7b2cb37d8c1 installed
file-5.39-7.fc34.x86_64 1632926866 103224 2ad691a3454dde797934ebc62b952efa installed
alternatives-1.15-2.fc34.x86_64 1611627930 63281 5b66057a5ff527e9d5a3d808409a5ca4 installed
libcap-ng-0.8.2-4.fc34.x86_64 1612295128 75380 7f0416f2a720e23e2b7e049012f41154 installed
audit-libs-3.0.6-1.fc34.x86_64 1633109643 307334 e31dba5057968ee7a434ee7a80f7b2ff installed
libunistring-0.9.10-10.fc34.x86_64 1611745039 1638915 04f496b5133bd0c182c8f74c7ee65da2 installed
libidn2-2.3.2-1.fc34.x86_64 1626825454 291800 4275c4f9912919de754e2e0dbc3d34af installed
pcre2-10.36-4.fc34.x86_64 1613748797 635226 ee0a32425a67b85b0c6cb3a8cc5ad9ad installed
libdb-5.3.28-49.fc34.x86_64 1632311082 1922878 a1d459f0ef4b015d3d2a24fdebac99cb installed
libsepol-3.2-2.fc34.x86_64 1636642527 728611 eaf4c6c467514c0410d7ee91ce239f55 installed
libselinux-3.2-1.fc34.x86_64 1615286469 172477 4e716b4afce012340500739a34b02d65 installed
sed-4.8-7.fc34.x86_64 1611885323 813671 b434219b6737486c4bcfdeecf5ca2fd9 installed
findutils-1:4.8.0-2.fc34.x86_64 1611641227 1766798 8b6eb20044e8308147a801f9bfc4668b installed
lua-libs-5.4.4-1.fc34.x86_64 1643742082 555846 87634c0476356234bb7a556d6d1d590d installed
libsemanage-3.2-1.fc34.x86_64 1615287479 301440 739419bdea02116b569a4057538fd605 installed
shadow-utils-2:4.8.1-10.fc34.x86_64 1638280170 3775538 9d3fa0d0c6739ee1d57beea9247e7b2a installed
libutempter-1.2.1-4.fc34.x86_64 1611745214 58905 d3080fbc19ea12f97a4a907750267093 installed
tar-2:1.34-1.fc34.x86_64 1613638558 3173210 5379686b1d1281ee358820808b96653a installed
libpsl-0.21.1-3.fc34.x86_64 1611741720 74608 a40a5f9d919810bd7309a363673ce9ca installed
zip-3.0-28.fc34.x86_64 1611908999 717583 22990b7580b547fe26cdb1b453082933 installed
zstd-1.5.2-1.fc34.x86_64 1642954840 1592136 1d995957569bd936bb93a0a8208bfc8f installed
dwz-0.14-1.fc34.x86_64 1615301252 280766 99df04f2447d490ecf7dc4983c47a56c installed
bzip2-1.0.8-6.fc34.x86_64 1611920393 96152 2d82b4bef01c955e882d5af420fa2032 installed
libxml2-2.9.13-1.fc34.x86_64 1645440800 1962044 3cdfc6fdc06ff0c00c92258f26b8d1fa installed
info-6.7-10.fc34.x86_64 1612273577 508178 496572eb8a14a201500bbabc8868bea6 installed
ed-1.14.2-10.fc34.x86_64 1611637282 129955 30f132b5cc1864ca9389589b9c911afb installed
patch-2.7.6-14.fc34.x86_64 1612048426 265626 2462e19d2aa8ebf1844379b92cbd467c installed
cpio-2.13-10.fc34.x86_64 1613653403 1084298 0aea2c60d4a09bb233cae49936148d50 installed
diffutils-3.7-8.fc34.x86_64 1611635023 1468179 3e8003dca253bf1e919f773f1c8cf705 installed
keyutils-libs-1.6.1-2.fc34.x86_64 1611711780 55737 977212f99882edb79e85a473c1bae025 installed
libbrotli-1.0.9-4.fc34.x86_64 1611626510 784698 e887a73a12d4cd6dd8b384fe52ecc905 installed
libffi-3.1-28.fc34.x86_64 1611731196 56840 077bc570623183e5b0eb94e8ef14e874 installed
p11-kit-0.23.22-3.fc34.x86_64 1611765879 1662976 05fe6c869acbb755ef89c3eb3172e1fe installed
libgpg-error-1.42-1.fc34.x86_64 1616427645 836712 a270709e0a5cf6f0b6a86f790ee82b6e installed
libgcrypt-1.9.3-3.fc34.x86_64 1623757247 1391897 07a2a1a09227890efdb57c2b3a27cf88 installed
libnghttp2-1.43.0-2.fc34.x86_64 1617206896 171196 d9cd7c292e23ab72104cdd4104fda3eb installed
libpkgconf-1.7.3-6.fc34.x86_64 1611806595 76145 c75fa248dc0906972d8f2dc0f13fcd41 installed
pkgconf-1.7.3-6.fc34.x86_64 1611806595 78602 9dd04089af48d854af72e93e0d3c0110 installed
pkgconf-pkg-config-1.7.3-6.fc34.x86_64 1611806595 1203 5805de0d8ec15bbceadb2867554b9fec installed
libsigsegv-2.13-2.fc34.x86_64 1611744017 50506 cbc6ffacb120236757db0dc033c6385c installed
gawk-5.1.0-3.fc34.x86_64 1611645816 1686814 53892b268a54d767ea012f050f7fff6d installed
libsmartcols-2.36.2-1.fc34.x86_64 1613143199 134427 d255a364fc9c50b55a8ef3b33d92ad1e installed
libtasn1-4.16.0-4.fc34.x86_64 1611744623 183980 714f8e24ee46e1514f63d68d063ea5a4 installed
p11-kit-trust-0.23.22-3.fc34.x86_64 1611765879 447351 1d6021e80610477b5ad7689e21d563fb installed
libverto-0.3.2-1.fc34.x86_64 1615841664 30469 1b87f338510cdcd46576eb2f7cf491f5 installed
pcre-8.44-3.fc34.1.x86_64 1612041534 540448 15046fd768f41718205649c3b19cce31 installed
grep-3.6-2.fc34.x86_64 1612039505 857936 0f4adc1914f6701e9ec4a98b8cdeea9d installed
xz-5.2.5-5.fc34.x86_64 1611908414 685737 d99dbde81cd70d2eb04eef3e1b7f26bb installed
openssl-libs-1:1.1.1n-1.fc34.x86_64 1647621965 3857156 84168db2b54000d9c7ad8523c779c39a installed
coreutils-8.32-32.fc34.x86_64 1647850343 6057506 81ed4e6751f66880b87934ceab352372 installed
ca-certificates-2021.2.52-1.0.fc34.noarch 1639415500 972279 260338363ac81585df05a41ba94818ca installed
krb5-libs-1.19.2-5.fc34.x86_64 1649186979 2193478 8aeb12674325d99aca0e75e4344ca158 installed
libblkid-2.36.2-1.fc34.x86_64 1613143199 217737 c66da00d552d59d7b9625f4e73dbd657 installed
libtirpc-1.3.2-0.fc34.x86_64 1621361360 207802 183a8fd84a930988dafa89363f5c0081 installed
gzip-1.10-4.fc34.x86_64 1611698922 357450 62d3246a90f1aae7f095f96df2d760af installed
cracklib-2.9.6-27.fc34.x86_64 1630359585 251906 9abacf4eb06fcb500513c966495a5fdf installed
libnsl2-1.3.0-2.fc34.x86_64 1611739416 130510 91fafce2937a88c68dc3445fe827449a installed
libfdisk-2.36.2-1.fc34.x86_64 1613143199 367019 5948c8519debf9d82f2e842582620946 installed
libmount-2.36.2-1.fc34.x86_64 1613143199 301405 6ede29952a194d8d468daaac00cfbdd1 installed
cyrus-sasl-lib-2.1.27-9.fc34.x86_64 1645614111 732340 f367b4ab266f5fd52300c0fdd49d8d03 installed
openldap-2.4.57-6.fc34.x86_64 1633096860 709712 3d202c9fd9a770f984ff697010de87e3 installed
libssh-0.9.6-1.fc34.x86_64 1632239294 513193 1c9a8ccddbe9e2c89590fd03ae269bb6 installed
libcurl-7.76.1-12.fc34.x86_64 1631865106 664574 0b3c68b47de812710c412ea529d5e571 installed
curl-7.76.1-12.fc34.x86_64 1631865106 685713 d304c20bb5e122a5c776b999aa61426b installed
systemd-libs-248.10-1.fc34.x86_64 1642072106 1605800 010df3f1d24085ce48d491cf2a73034e installed
libarchive-3.5.2-2.fc34.x86_64 1630307570 907373 1c05f721996f67354086f0878062f2c4 installed
rpm-libs-4.16.1.3-1.fc34.x86_64 1616410991 767180 bfef79f94c5feee135dbb0b9a25ca6be installed
rpm-4.16.1.3-1.fc34.x86_64 1616410991 2752015 6136a2e8a00ef7f5f73005eee1bcfba8 installed
lua-srpm-macros-1-4.fc34.noarch 1611750118 1314 871490573b1eec113eefe83e81e14c99 installed
efi-srpm-macros-5-4.fc34.noarch 1630608979 41111 6214e8fc1635e6173e9f8c2bd187b6e3 installed
rpmautospec-rpm-macros-0.2.5-1.fc34.noarch 1628264797 698 4ce93205fb9bf45b0a0af16e54bdd389 installed
libeconf-0.4.0-1.fc34.x86_64 1625741391 46163 e9fcf3840b2a9f1d3c46cd5e7eb961b6 installed
libpwquality-1.4.4-6.fc34.x86_64 1628689040 415708 5486243b690c9a9139fe5fd6f4d1b740 installed
pam-1.5.1-8.fc34.x86_64 1642410138 1919783 5c2aff2a392dd1f30dd9c5ed31186696 installed
libgomp-11.2.1-9.fc34.x86_64 1643275848 417086 6890172350fa9bd66f1a9d9083a643bb installed
xxhash-libs-0.8.1-1.fc34.x86_64 1638346061 101056 d6d7afec6dbacf8c95998db6c9bd0835 installed
elfutils-default-yama-scope-0.186-1.fc34.noarch 1637847501 1810 2ccd518949d7b44543a94b359d8766c4 installed
elfutils-libs-0.186-1.fc34.x86_64 1637847399 713549 3e6f6001230e6114b2282d6f7587ed1e installed
elfutils-debuginfod-client-0.186-1.fc34.x86_64 1637847399 53303 5d58b0f1a8e031d482c5330a8f08abe9 installed
binutils-gold-2.35.2-6.fc34.x86_64 1631809346 1955995 42ec35c8e8380fd33bf6664c5603e845 installed
binutils-2.35.2-6.fc34.x86_64 1631809346 31457797 712dcfd0aedc746b3e1fbd31a2c5e944 installed
elfutils-0.186-1.fc34.x86_64 1637847399 2840385 8f454b6a15035fb825b934be129b6c0e installed
gdb-minimal-11.1-5.fc34.x86_64 1636667684 12671044 42c230e0df14719d0514f21928328c21 installed
rpm-build-libs-4.16.1.3-1.fc34.x86_64 1616410991 199526 b256303a11dafa0b4bb154927abca89b installed
kernel-srpm-macros-1.0-4.fc34.noarch 1611711236 116 c6beadfa2ad7d32a17a61c5062667e14 installed
gnat-srpm-macros-4-13.fc34.noarch 1611661182 725 aecaa2d4a9811b85102ff17061efac9c installed
ghc-srpm-macros-1.5.0-4.fc34.noarch 1611656103 535 9ee652aa75343fb2a59f152f4ab9e905 installed
fpc-srpm-macros-1.3-3.fc34.noarch 1611642764 144 c525823ff27ef08c8e14d10d91f1ce16 installed
fonts-srpm-macros-1:2.0.5-5.fc34.noarch 1611641921 56503 2032fa09824bcef6145a54d4622c48d2 installed
go-srpm-macros-3.0.15-1.fc34.noarch 1647110936 60321 a63c53336172342ab22fdd818ecca52e installed
python-srpm-macros-3.9-41.fc34.noarch 1635938119 34628 3463f54b30ad5aff2d371d055d2f10ae installed
redhat-rpm-config-183-3.fc34.noarch 1629065051 178435 f3e108ae076792363724fefe334de870 installed
rpm-build-4.16.1.3-1.fc34.x86_64 1616410991 247997 f5aea981d3c3b5346a5b7df3f113f720 installed
util-linux-2.36.2-1.fc34.x86_64 1613143199 13018140 bc38375f30f845290d7e9f707b28e23b installed
which-2.21-26.fc34.x86_64 1620122049 82455 a29972c315eee8165dc4ad292a0bc311 installed
