gpg-pubkey-45719a39-5f2c0192 1596719506 0 (none) installed
libgcc-11.2.1-9.fc34.x86_64 1643275848 198708 0f34916982baeca17b9f1e3517fd4226 installed
crypto-policies-20210213-1.git5c710c0.fc34.noarch 1613221317 85288 8669fbb8e99ab7d5d26ac2cd4fc6c4b5 installed
fedora-release-identity-basic-34-39.noarch 1637825783 706 fa730f13206d1833ddd56f2e90902e34 installed
tzdata-2022a-1.fc34.noarch 1648080445 1803367 0de303af15ade48d976da21edaf48b88 installed
rust-srpm-macros-21-1.fc34.noarch 1645370704 2447 86c4ef9d552211b905bbb219d6c36628 installed
libssh-config-0.9.6-1.fc34.noarch 1632239405 277 115f2b8688028e08817ae8b576e49733 installed
fedora-gpg-keys-34-2.noarch 1619631111 116499 a4f98b6947a0f491540672c6d62026ce installed
fedora-release-34-39.noarch 1637825783 0 73c95528d8ea77184be2d7124a80aee8 installed
fedora-repos-34-2.noarch 1619631111 4597 c0c78d4579202cea8d6191783916c485 installed
fedora-release-common-34-39.noarch 1637825783 16513 51a47e8e13dfe722be7b42425c033a76 installed
setup-2.13.7-3.fc34.noarch 1611885234 726441 ffc4415ce8e2fb1bee1950eacaeb1229 installed
filesystem-3.14-5.fc34.x86_64 1611641110 106 d5a9d9a810f2734d0c3bdbc433a6eafc installed
basesystem-11-11.fc34.noarch 1611625529 0 f37a67cee02f627dc27d2ef8985129d9 installed
coreutils-common-8.32-32.fc34.x86_64 1647850343 10880567 6efb4b76b6622b534a0c41fbe24bde96 installed
qt5-srpm-macros-5.15.2-2.fc34.noarch 1611823375 492 38d92f9b84621de0ff7ef09da86aae28 installed
publicsuffix-list-dafsa-20190417-5.fc34.noarch 1611809108 64992 a87c04fa613c586a3e3de26d1556a5b8 installed
pkgconf-m4-1.7.3-6.fc34.noarch 1611806818 14187 a042b1881458a9ab99be6b2bbaf70581 installed
perl-srpm-macros-1-39.fc34.noarch 1611804023 862 1d235fecf1190135715af7ce9d19fe9a installed
pcre2-syntax-10.36-4.fc34.noarch 1613748866 219646 a9927c33816f7689c330836ba56eecc4 installed
openblas-srpm-macros-2-9.fc34.noarch 1611781019 104 eaea0d1d8ed7ad7695558abb0e296b99 installed
ocaml-srpm-macros-6-4.fc34.noarch 1611778305 745 8ca5e3457da5ee6f6884ab1edbc0543b installed
nim-srpm-macros-3-4.fc34.noarch 1611770585 1098 c861f737c8515338b14811cba72b7345 installed
ncurses-base-6.2-4.20200222.fc34.noarch 1611770515 292349 636d18e9071ad9b04d0934b1ee004aee installed
bash-5.1.0-2.fc34.x86_64 1611625556 7739748 ef51add9daad6b22916816c848b95965 installed
ncurses-libs-6.2-4.20200222.fc34.x86_64 1611766576 993607 35666d234548dab8905ff1c1cd7f9f1e installed
glibc-common-2.33-21.fc34.x86_64 1643161903 8080742 6f42c7e9b72aac7c59ba119fb3790218 installed
glibc-minimal-langpack-2.33-21.fc34.x86_64 1643161903 0 fa556e9e5410df8af07daa5fa9787634 installed
glibc-2.33-21.fc34.x86_64 1643161903 14652148 2de06cade68fa5f718e721a7ac5850c9 installed
zlib-1.2.11-26.fc34.x86_64 1617200601 203553 9cc469516534cddcb1a65df51d77b42c installed
xz-libs-5.2.5-5.fc34.x86_64 1611908414 181325 748b002a92331d984fb55fd54ae989c6 installed
bzip2-libs-1.0.8-6.fc34.x86_64 1611920393 78772 b00bdd2fe7f3777166764fd6cb8e7ad8 installed
elfutils-libelf-0.186-1.fc34.x86_64 1637847399 1027785 bc9475a317b0a11c6cda6c73af583880 installed
libstdc++-11.2.1-9.fc34.x86_64 1643275848 2487247 f964533db94cdd870457337402f780d0 installed
libxcrypt-4.4.28-1.fc34.x86_64 1643755524 275498 90bc5c5e664eb60c3638002f1de64725 installed
libzstd-1.5.2-1.fc34.x86_64 1642954840 738611 893f8fe592f880e776ddaafc887433fa installed
gmp-1:6.2.0-6.fc34.x86_64 1611661283 806286 3d7657ba3d311eb6abd212abf9dad18c installed
libattr-2.5.1-1.fc34.x86_64 1615881285 29533 94fa83298ce60f6340e7e08a5b1b5287 installed
libacl-2.3.1-1.fc34.x86_64 1615881590 41274 84445b0983d7b68d567b0e52015ece14 installed
libcap-2.48-2.fc34.x86_64 1613343645 186023 db6789f3b38e1c27114266393453c088 installed
libcom_err-1.45.6-5.fc34.x86_64 1611637090 68553 10dfed3d36d6924cb5cfa937747a6c51 installed
libuuid-2.36.2-1.fc34.x86_64 1613143199 34845 0440cfbb2107430d121839b7dcdef77e installed
popt-1.18-4.fc34.x86_64 1615019341 130408 3a078214c18c36ca490c35ef5e52b797 installed
lz4-libs-1.9.3-2.fc34.x86_64 1611751292 145515 f170f2fcc15c98de6b299ee4e6c0dc4f installed
readline-8.1-2.fc34.x86_64 1611831291 492932 714bbba83553a3c852b3cfbbd2d066a1 installed
mpfr-4.1.0-7.fc34.x86_64 1621737500 803903 6194a2f9ac8099a261780e307e6e7cb7 installed
unzip-6.0-50.fc34.x86_64 1611899183 398971 bdda4cd00fa0379f0bc59a1298e82bfb installed
sqlite-libs-3.34.1-2.fc34.x86_64 1611890041 1310976 0fe05e0d43f9ada2d33542d30acbbf61 installed
file-libs-5.39-7.fc34.x86_64 1632926866 8090322 dba793a25257d6d6952dd7b2cb37d8c1 installed
file-5.39-7.fc34.x86_64 1632926866 103224 2ad691a3454dde797934ebc62b952efa installed
alternatives-1.15-2.fc34.x86_64 1611627930 63281 5b66057a5ff527e9d5a3d808409a5ca4 installed
libcap-ng-0.8.2-4.fc34.x86_64 1612295128 75380 7f0416f2a720e23e2b7e049012f41154 installed
audit-libs-3.0.6-1.fc34.x86_64 1633109643 307334 e31dba5057968ee7a434ee7a80f7b2ff installed
libunistring-0.9.10-10.fc34.x86_64 1611745039 1638915 04f496b5133bd0c182c8f74c7ee65da2 installed
libidn2-2.3.2-1.fc34.x86_64 1626825454 291800 4275c4f9912919de754e2e0dbc3d34af installed
pcre2-10.36-4.fc34.x86_64 1613748797 635226 ee0a32425a67b85b0c6cb3a8cc5ad9ad installed
libdb-5.3.28-49.fc34.x86_64 1632311082 1922878 a1d459f0ef4b015d3d2a24fdebac99cb installed
libsepol-3.2-2.fc34.x86_64 1636642527 728611 eaf4c6c467514c0410d7ee91ce239f55 installed
libselinux-3.2-1.fc34.x86_64 1615286469 172477 4e716b4afce012340500739a34b02d65 installed
sed-4.8-7.fc34.x86_64 1611885323 813671 b434219b6737486c4bcfdeecf5ca2fd9 installed
findutils-1:4.8.0-2.fc34.x86_64 1611641227 1766798 8b6eb20044e8308147a801f9bfc4668b installed
lua-libs-5.4.4-1.fc34.x86_64 1643742082 555846 87634c0476356234bb7a556d6d1d590d installed
libsemanage-3.2-1.fc34.x86_64 1615287479 301440 739419bdea02116b569a4057538fd605 installed
shadow-utils-2:4.8.1-10.fc34.x86_64 1638280170 3775538 9d3fa0d0c6739ee1d57beea9247e7b2a installed
libutempter-1.2.1-4.fc34.x86_64 1611745214 58905 d3080fbc19ea12f97a4a907750267093 installed
tar-2:1.34-1.fc34.x86_64 1613638558 3173210 5379686b1d1281ee358820808b96653a installed
libpsl-0.21.1-3.fc34.x86_64 1611741720 74608 a40a5f9d919810bd7309a363673ce9ca installed
zip-3.0-28.fc34.x86_64 1611908999 717583 22990b7580b547fe26cdb1b453082933 installed
zstd-1.5.2-1.fc34.x86_64 1642954840 1592136 1d995957569bd936bb93a0a8208bfc8f installed
dwz-0.14-1.fc34.x86_64 1615301252 280766 99df04f2447d490ecf7dc4983c47a56c installed
bzip2-1.0.8-6.fc34.x86_64 1611920393 96152 2d82b4bef01c955e882d5af420fa2032 installed
libxml2-2.9.13-1.fc34.x86_64 1645440800 1962044 3cdfc6fdc06ff0c00c92258f26b8d1fa installed
info-6.7-10.fc34.x86_64 1612273577 508178 496572eb8a14a201500bbabc8868bea6 installed
ed-1.14.2-10.fc34.x86_64 1611637282 129955 30f132b5cc1864ca9389589b9c911afb installed
patch-2.7.6-14.fc34.x86_64 1612048426 265626 2462e19d2aa8ebf1844379b92cbd467c installed
cpio-2.13-10.fc34.x86_64 1613653403 1084298 0aea2c60d4a09bb233cae49936148d50 installed
diffutils-3.7-8.fc34.x86_64 1611635023 1468179 3e8003dca253bf1e919f773f1c8cf705 installed
keyutils-libs-1.6.1-2.fc34.x86_64 1611711780 55737 977212f99882edb79e85a473c1bae025 installed
libbrotli-1.0.9-4.fc34.x86_64 1611626510 784698 e887a73a12d4cd6dd8b384fe52ecc905 installed
libffi-3.1-28.fc34.x86_64 1611731196 56840 077bc570623183e5b0eb94e8ef14e874 installed
p11-kit-0.23.22-3.fc34.x86_64 1611765879 1662976 05fe6c869acbb755ef89c3eb3172e1fe installed
libgpg-error-1.42-1.fc34.x86_64 1616427645 836712 a270709e0a5cf6f0b6a86f790ee82b6e installed
libgcrypt-1.9.3-3.fc34.x86_64 1623757247 1391897 07a2a1a09227890efdb57c2b3a27cf88 installed
libnghttp2-1.43.0-2.fc34.x86_64 1617206896 171196 d9cd7c292e23ab72104cdd4104fda3eb installed
libpkgconf-1.7.3-6.fc34.x86_64 1611806595 76145 c75fa248dc0906972d8f2dc0f13fcd41 installed
pkgconf-1.7.3-6.fc34.x86_64 1611806595 78602 9dd04089af48d854af72e93e0d3c0110 installed
pkgconf-pkg-config-1.7.3-6.fc34.x86_64 1611806595 1203 5805de0d8ec15bbceadb2867554b9fec installed
libsigsegv-2.13-2.fc34.x86_64 1611744017 50506 cbc6ffacb120236757db0dc033c6385c installed
gawk-5.1.0-3.fc34.x86_64 1611645816 1686814 53892b268a54d767ea012f050f7fff6d installed
libsmartcols-2.36.2-1.fc34.x86_64 1613143199 134427 d255a364fc9c50b55a8ef3b33d92ad1e installed
libtasn1-4.16.0-4.fc34.x86_64 1611744623 183980 714f8e24ee46e1514f63d68d063ea5a4 installed
p11-kit-trust-0.23.22-3.fc34.x86_64 1611765879 447351 1d6021e80610477b5ad7689e21d563fb installed
libverto-0.3.2-1.fc34.x86_64 1615841664 30469 1b87f338510cdcd46576eb2f7cf491f5 installed
pcre-8.44-3.fc34.1.x86_64 1612041534 540448 15046fd768f41718205649c3b19cce31 installed
grep-3.6-2.fc34.x86_64 1612039505 857936 0f4adc1914f6701e9ec4a98b8cdeea9d installed
xz-5.2.5-5.fc34.x86_64 1611908414 685737 d99dbde81cd70d2eb04eef3e1b7f26bb installed
openssl-libs-1:1.1.1n-1.fc34.x86_64 1647621965 3857156 84168db2b54000d9c7ad8523c779c39a installed
coreutils-8.32-32.fc34.x86_64 1647850343 6057506 81ed4e6751f66880b87934ceab352372 installed
ca-certificates-2021.2.52-1.0.fc34.noarch 1639415500 972279 260338363ac81585df05a41ba94818ca installed
krb5-libs-1.19.2-5.fc34.x86_64 1649186979 2193478 8aeb12674325d99aca0e75e4344ca158 installed
libblkid-2.36.2-1.fc34.x86_64 1613143199 217737 c66da00d552d59d7b9625f4e73dbd657 installed
libtirpc-1.3.2-0.fc34.x86_64 1621361360 207802 183a8fd84a930988dafa89363f5c0081 installed
gzip-1.10-4.fc34.x86_64 1611698922 357450 62d3246a90f1aae7f095f96df2d760af installed
cracklib-2.9.6-27.fc34.x86_64 1630359585 251906 9abacf4eb06fcb500513c966495a5fdf installed
libnsl2-1.3.0-2.fc34.x86_64 1611739416 130510 91fafce2937a88c68dc3445fe827449a installed
libfdisk-2.36.2-1.fc34.x86_64 1613143199 367019 5948c8519debf9d82f2e842582620946 installed
libmount-2.36.2-1.fc34.x86_64 1613143199 301405 6ede29952a194d8d468daaac00cfbdd1 installed
cyrus-sasl-lib-2.1.27-9.fc34.x86_64 1645614111 732340 f367b4ab266f5fd52300c0fdd49d8d03 installed
openldap-2.4.57-6.fc34.x86_64 1633096860 709712 3d202c9fd9a770f984ff697010de87e3 installed
libssh-0.9.6-1.fc34.x86_64 1632239294 513193 1c9a8ccddbe9e2c89590fd03ae269bb6 installed
libcurl-7.76.1-12.fc34.x86_64 1631865106 664574 0b3c68b47de812710c412ea529d5e571 installed
curl-7.76.1-12.fc34.x86_64 1631865106 685713 d304c20bb5e122a5c776b999aa61426b installed
systemd-libs-248.10-1.fc34.x86_64 1642072106 1605800 010df3f1d24085ce48d491cf2a73034e installed
libarchive-3.5.2-2.fc34.x86_64 1630307570 907373 1c05f721996f67354086f0878062f2c4 installed
rpm-libs-4.16.1.3-1.fc34.x86_64 1616410991 767180 bfef79f94c5feee135dbb0b9a25ca6be installed
rpm-4.16.1.3-1.fc34.x86_64 1616410991 2752015 6136a2e8a00ef7f5f73005eee1bcfba8 installed
lua-srpm-macros-1-4.fc34.noarch 1611750118 1314 871490573b1eec113eefe83e81e14c99 installed
efi-srpm-macros-5-4.fc34.noarch 1630608979 41111 6214e8fc1635e6173e9f8c2bd187b6e3 installed
rpmautospec-rpm-macros-0.2.5-1.fc34.noarch 1628264797 698 4ce93205fb9bf45b0a0af16e54bdd389 installed
libeconf-0.4.0-1.fc34.x86_64 1625741391 46163 e9fcf3840b2a9f1d3c46cd5e7eb961b6 installed
libpwquality-1.4.4-6.fc34.x86_64 1628689040 415708 5486243b690c9a9139fe5fd6f4d1b740 installed
pam-1.5.1-8.fc34.x86_64 1642410138 1919783 5c2aff2a392dd1f30dd9c5ed31186696 installed
libgomp-11.2.1-9.fc34.x86_64 1643275848 417086 6890172350fa9bd66f1a9d9083a643bb installed
xxhash-libs-0.8.1-1.fc34.x86_64 1638346061 101056 d6d7afec6dbacf8c95998db6c9bd0835 installed
elfutils-default-yama-scope-0.186-1.fc34.noarch 1637847501 1810 2ccd518949d7b44543a94b359d8766c4 installed
elfutils-libs-0.186-1.fc34.x86_64 1637847399 713549 3e6f6001230e6114b2282d6f7587ed1e installed
elfutils-debuginfod-client-0.186-1.fc34.x86_64 1637847399 53303 5d58b0f1a8e031d482c5330a8f08abe9 installed
binutils-gold-2.35.2-6.fc34.x86_64 1631809346 1955995 42ec35c8e8380fd33bf6664c5603e845 installed
binutils-2.35.2-6.fc34.x86_64 1631809346 31457797 712dcfd0aedc746b3e1fbd31a2c5e944 installed
elfutils-0.186-1.fc34.x86_64 1637847399 2840385 8f454b6a15035fb825b934be129b6c0e installed
gdb-minimal-11.1-5.fc34.x86_64 1636667684 12671044 42c230e0df14719d0514f21928328c21 installed
rpm-build-libs-4.16.1.3-1.fc34.x86_64 1616410991 199526 b256303a11dafa0b4bb154927abca89b installed
kernel-srpm-macros-1.0-4.fc34.noarch 1611711236 116 c6beadfa2ad7d32a17a61c5062667e14 installed
gnat-srpm-macros-4-13.fc34.noarch 1611661182 725 aecaa2d4a9811b85102ff17061efac9c installed
ghc-srpm-macros-1.5.0-4.fc34.noarch 1611656103 535 9ee652aa75343fb2a59f152f4ab9e905 installed
fpc-srpm-macros-1.3-3.fc34.noarch 1611642764 144 c525823ff27ef08c8e14d10d91f1ce16 installed
fonts-srpm-macros-1:2.0.5-5.fc34.noarch 1611641921 56503 2032fa09824bcef6145a54d4622c48d2 installed
go-srpm-macros-3.0.15-1.fc34.noarch 1647110936 60321 a63c53336172342ab22fdd818ecca52e installed
python-srpm-macros-3.9-41.fc34.noarch 1635938119 34628 3463f54b30ad5aff2d371d055d2f10ae installed
redhat-rpm-config-183-3.fc34.noarch 1629065051 178435 f3e108ae076792363724fefe334de870 installed
rpm-build-4.16.1.3-1.fc34.x86_64 1616410991 247997 f5aea981d3c3b5346a5b7df3f113f720 installed
util-linux-2.36.2-1.fc34.x86_64 1613143199 13018140 bc38375f30f845290d7e9f707b28e23b installed
which-2.21-26.fc34.x86_64 1620122049 82455 a29972c315eee8165dc4ad292a0bc311 installed
expat-2.4.7-1.fc34.x86_64 1648478131 305339 d2d291abe5cc360d69b1dbfca9a71cb9 installed
libmpc-1.2.1-2.fc34.x86_64 1611736080 138637 e668cd2bcc1f03848aadaf193b501ea4 installed
nettle-3.7.3-1.fc34.x86_64 1623065381 730189 4d696686bc170311929785af21e18b14 installed
gnutls-3.7.2-2.fc34.x86_64 1645719510 3141254 4bead3b7275d46cce346d3d368f27c8a installed
libedit-3.1-38.20210714cvs.fc34.x86_64 1626290443 252750 188f9ac03dbb5f72dd87bfd77a24e340 installed
libassuan-2.5.5-1.fc34.x86_64 1616427583 170693 0ed1cd633b328453c52ae15e27c3ac02 installed
llvm-libs-12.0.1-1.fc34.x86_64 1627590793 96737960 1cb01388debacc2bfd152c71dd519bf2 installed
cpp-11.2.1-9.fc34.x86_64 1643275848 28278984 7a0088b3fb7fc0fa6bb9797a92075f45 installed
libmetalink-0.1.3-24.fc34.x86_64 1642011417 83320 e76e7981c768b0aaaaf9c27a4ee6a207 installed
systemd-rpm-macros-248.10-1.fc34.noarch 1642072222 9572 e2cdde381346dee89fe638cae984c334 installed
openssh-8.6p1-5.fc34.x86_64 1632921671 1901542 4b77ccc63a442c376dc1f1915323959a installed
libstdc++-devel-11.2.1-9.fc34.x86_64 1643275848 13502752 39865cdb73b6201e38dcf145be53205e installed
libseccomp-2.5.3-1.fc34.x86_64 1636203726 175524 eb0bf2778f0add6996e5e08a7b525749 installed
less-590-2.fc34.x86_64 1636636158 365192 a35996803e8e2b23a7674bed260e6ce3 installed
kmod-libs-29-2.fc34.x86_64 1621946523 133846 7ed470a6c139a44128997f742c1c48ac installed
kernel-headers-5.16.5-100.fc34.x86_64 1643741354 5822343 f877db57bb10ee33cdf5879d12f351c2 installed
glibc-headers-x86-2.33-21.fc34.noarch 1643161901 2081770 3af96ecd3b5fc6dca7628a57ebf0c1d2 installed
libxcrypt-devel-4.4.28-1.fc34.x86_64 1643755524 30989 87eab38addd35988758a8221efda735d installed
glibc-devel-2.33-21.fc34.x86_64 1643161903 128378 0ddf0b50dd9c7edacf402d8d40126e8c installed
emacs-filesystem-1:27.2-5.fc34.noarch 1628361224 0 8407cf0a46422b7e4aaf507da3e77b69 installed
npth-1.6-6.fc34.x86_64 1611772760 50579 6f6eadb1f083ca335695fdd8599f3038 installed
ncurses-c++-libs-6.2-4.20200222.fc34.x86_64 1611766576 156730 8d74a3b046ab5dd8a0bbafe2ebb017fa installed
ncurses-6.2-4.20200222.fc34.x86_64 1611766576 623085 ee8345e15957712de88c8fb797f8fcbe installed
m4-1.4.18-17.fc34.x86_64 1611751349 352038 95c17e1e03072c9fd56a9f7ee2b98efa installed
libusbx-1.0.24-2.fc34.x86_64 1613815991 159642 c075d7ea0da1e6973ca6a797a0adeb98 installed
libtool-ltdl-2.4.6-40.fc34.x86_64 1611744770 72608 f14bd051d147a92771f2c75a06f779e5 installed
libnl3-3.5.0-6.fc34.x86_64 1611739232 1013015 9e2573c37498b538525fe1f364b00983 installed
libibverbs-37.2-2.fc34.x86_64 1642167791 1156788 ca9e7fe744a1ccb1ca770f08ad8014bb installed
libpcap-14:1.10.1-1.fc34.x86_64 1623810518 402576 4f8cdbe83f124fef77f49b38844303dc installed
iptables-legacy-libs-1.8.7-8.fc34.x86_64 1620430876 93092 35214baa5082789083a1d14c98c13ebe installed
libksba-1.5.0-2.fc34.x86_64 1611733739 392509 7235322825472ead294780c866f2050a installed
gnupg2-2.2.27-4.fc34.x86_64 1617090016 8705071 47047976959215f47755406b5f79756d installed
gpgme-1.15.1-2.fc34.x86_64 1612029123 573085 9a61f0ec71eb59a33d6ef08c8b95f8a1 installed
libevent-2.1.12-3.fc34.x86_64 1611730894 933682 59a3a4c04fdf92cab78a010143e31aa8 installed
libcbor-0.7.0-3.fc34.x86_64 1611729513 100026 14372a8e85449f9830193a556c5af67a installed
libfido2-1.6.0-2.fc34.x86_64 1611731196 167347 01c4bb23877adb3cc5d213eae220fff5 installed
openssh-clients-8.6p1-5.fc34.x86_64 1632921671 2037869 145c54aaed7ce17937866a4d979fae2f installed
git-core-2.34.1-1.fc34.x86_64 1641153612 18206508 539e417c2ac4ee18f1b91da06e8abcf8 installed
git-core-doc-2.34.1-1.fc34.noarch 1641153913 16167342 3d00857ed1b58f6f7d2aba6d9d3a1ea5 installed
libargon2-20171227-6.fc34.x86_64 1611622446 50611 53ac48380e69a049a4bc18428c19e138 installed
json-c-0.14-8.fc34.x86_64 1611709113 78498 55a45a0554d0641e531f2ba08e47dda8 installed
groff-base-1.22.4-7.fc34.x86_64 1615968909 4045012 cbd603d86d308f00b992ae613f22e3f9 installed
perl-Time-Local-2:1.300-5.fc34.noarch 1611802250 67344 b54e37d527c91578c23ef78594f1579f installed
perl-Text-Tabs+Wrap-2021.0726-1.fc34.noarch 1627998202 22931 bdf133b34f873e0f3dd4dd2d59c1161f installed
perl-if-0:0.60.800-477.fc34.noarch 1624446591 6874 672437ee502a6e93b106bda953fbc01e installed
perl-File-Path-2.18-2.fc34.noarch 1611792287 65332 967a12e72adbe27fcd935f8b920bd883 installed
perl-Pod-Escapes-1:1.07-458.fc34.noarch 1611799970 25763 f53e5f1bd090c333ffe0850292315d26 installed
perl-Term-ANSIColor-5.01-459.fc34.noarch 1611801295 100302 0c082cb91cdb6d4eb72ffd9000875853 installed
perl-Class-Struct-0:0.66-477.fc34.noarch 1624446591 26954 61e207fa5dd2379629070e8fce31123f installed
perl-POSIX-0:1.94-477.fc34.x86_64 1624446448 240124 ea1efbf011fdffe4730f81dc66cad289 installed
perl-HTTP-Tiny-0.078-1.fc34.noarch 1627989076 153601 cc2351b09aebe229996becfb97f4650f installed
perl-IPC-Open3-0:1.21-477.fc34.noarch 1624446591 25045 ea3f8c89317d5e37715a9ddc58e8a97c installed
perl-subs-0:1.03-477.fc34.noarch 1624446591 3061 f2c3d5a74b312725e6750c07ce2b99cb installed
perl-File-Temp-1:0.231.100-2.fc34.noarch 1611792929 166550 9629e5a670e33094a5aa7f6383df517c installed
perl-Pod-Simple-1:3.42-2.fc34.noarch 1611799948 577284 af486e7672eb310cabff80f75a8e8030 installed
perl-Term-Cap-1.17-458.fc34.noarch 1611801194 29851 95df6489b84bca2e4243adb3e0e5c79b installed
perl-Socket-4:2.032-1.fc34.x86_64 1622715564 124766 a7922f7cc94955d20373a3ba8404edb2 installed
perl-SelectSaver-0:1.02-477.fc34.noarch 1624446591 3171 82934138bfa6da41041e7225a087266d installed
perl-Symbol-0:1.08-477.fc34.noarch 1624446591 7847 9151d8b2aedc5eee98fd14e91e493f03 installed
perl-File-stat-0:1.09-477.fc34.noarch 1624446591 13950 b3cb3b25dcc9850d42b384ef287f081a installed
perl-podlators-1:4.14-458.fc34.noarch 1611803631 288740 47c76c2e3172b8acdf1bfdfe72f9136a installed
perl-Pod-Perldoc-3.28.01-459.fc34.noarch 1611799955 170953 8df2db909ccf09ac179f5f21f4e9bf1d installed
perl-Text-ParseWords-3.30-458.fc34.noarch 1611802132 13101 2cda44f762a15ba045e280cdd739d604 installed
perl-Fcntl-0:1.13-477.fc34.x86_64 1624446448 30228 fc3ec9ef9a5317e018ba501be202fe12 installed
perl-mro-0:1.23-477.fc34.x86_64 1624446448 43603 8ee4e64907e3a6e63d809eb9027a9358 installed
perl-IO-0:1.43-477.fc34.x86_64 1624446448 163260 4d7b0c3936c4a44285d3f2c216c12b0d installed
perl-overloading-0:0.02-477.fc34.noarch 1624446591 5893 964e9143bae8d5bad44042d31326ea31 installed
perl-Pod-Usage-4:2.01-2.fc34.noarch 1611800089 87186 fa5857150ab416d7ff46a632e29687c8 installed
perl-MIME-Base64-3.16-2.fc34.x86_64 1611798081 47631 b881d8f5ece7263b08b3400216db9da3 installed
perl-Scalar-List-Utils-4:1.56-459.fc34.x86_64 1617280716 143126 09be2c34357151878bd0da9186e6fcb1 installed
perl-constant-1.33-459.fc34.noarch 1611803349 27103 961dabc9b0954de8e0d9c3eda4793a38 installed
perl-parent-1:0.238-458.fc34.noarch 1611803591 9535 f80031d2e220792d9c993b5e3687a6a1 installed
perl-Errno-0:1.30-477.fc34.x86_64 1624446448 9522 768043ed90df129401eeeff2d73f4f0e installed
perl-File-Basename-0:2.85-477.fc34.noarch 1624446591 15339 bdff6c34ac5cd19fe25cacd2bbdf6c80 installed
perl-Getopt-Std-0:1.12-477.fc34.noarch 1624446591 12107 297d1b0ad0acb8c5721797515674fefe installed
perl-Storable-1:3.21-458.fc34.x86_64 1611801047 227508 e28514b5198ac5eda594483d16fc798a installed
perl-overload-0:1.31-477.fc34.noarch 1624446591 72823 65ede709e50020132e156584124739cb installed
perl-vars-0:1.05-477.fc34.noarch 1624446591 4927 d00edf204327136abe4d72fbbbf25dbd installed
perl-Getopt-Long-1:2.52-2.fc34.noarch 1611793402 139937 487fd9ac980ce2be7f51ee6806139298 installed
perl-Carp-1.50-458.fc34.noarch 1611789137 47889 bc77f82438770790bea0394387fc80d7 installed
perl-Exporter-5.74-459.fc34.noarch 1611791758 55357 5d750f2720435f4f086b9717791f07fe installed
perl-DynaLoader-0:1.47-477.fc34.x86_64 1624446448 33065 c1e65161d6e8a3d14fcc7ea7369ee1f1 installed
perl-PathTools-3.78-459.fc34.x86_64 1611799600 182027 95673baa2c4be8c9a699d5d25d1e512f installed
perl-Encode-4:3.15-462.fc34.x86_64 1633893426 10237590 ff12ff8af82fd2fb06b7fa50d08dd6bc installed
perl-libs-4:5.32.1-477.fc34.x86_64 1624446448 8958341 f4f1c2b37ba0d5a8372eef1bd2cd7463 installed
perl-interpreter-4:5.32.1-477.fc34.x86_64 1624446448 120262 858c90ec69b585363362ae1e75f6853e installed
perl-Data-Dumper-2.174-460.fc34.x86_64 1612038519 111373 f2544bfb6f965366963406b9b5fd381c installed
perl-B-0:1.80-477.fc34.x86_64 1624446448 504562 df29cec9828959273ce63ed4446fd24e installed
perl-threads-1:2.25-458.fc34.x86_64 1611803719 114050 477bf9e8b529811e9ace8b9ea9a2d1f5 installed
perl-File-Compare-0:1.100.600-477.fc34.noarch 1624446591 6696 0327e63c7f94913d48d981c8919000f6 installed
perl-File-Copy-0:2.34-477.fc34.noarch 1624446591 21087 d9b67091fae2b856c5b6d9c6ef3e37e1 installed
perl-File-Find-0:1.37-477.fc34.noarch 1624446591 39638 f89426947777dd10218c0b80c36521d8 installed
autoconf-2.69-36.fc34.noarch 1611624489 2324047 bf9061ae110c7f449e3ab94915ee1518 installed
perl-threads-shared-1.61-458.fc34.x86_64 1611804163 81788 f26629f445d63644d337b91b48f90c8a installed
perl-Thread-Queue-3.14-458.fc34.noarch 1611802208 29828 03a5a06471bfa1c2289e6793db054b9f installed
automake-1.16.2-4.fc34.noarch 1611624751 1798818 11f87b11937f77a7343371106a72b71a installed
perl-Error-1:0.17029-5.fc34.noarch 1611791782 79692 c60fa4db0280b4fecf5f615963d20f90 installed
perl-TermReadKey-2.38-9.fc34.x86_64 1611801263 65794 6e162e3f6d7f68df4f55aab89acc88ad installed
perl-lib-0:0.65-477.fc34.x86_64 1624446448 9672 8493ddf5f01428d038f210715c1587b5 installed
perl-Git-2.34.1-1.fc34.noarch 1641153913 66141 d0d40dd653412b87174c35f32bb3cc4f installed
git-2.34.1-1.fc34.x86_64 1641153612 134987 d4850b56c2c98132c1eb008659d6bd75 installed
gmp-c++-1:6.2.0-6.fc34.x86_64 1611661283 32848 2161648f6dbf6569564e52af3e029bb9 installed
gc-8.0.4-5.fc34.x86_64 1611646162 242944 954096e9682bd681e6733c9fb7940da1 installed
guile22-2.2.7-2.fc34.x86_64 1612036097 45854113 d208a8ed67b4cc518f1b25a0d0129a50 installed
make-1:4.3-5.fc34.x86_64 1613766782 1729654 1e884fe854c5e8a83c830830f2c51b06 installed
gcc-11.2.1-9.fc34.x86_64 1643275848 88014632 6f00f363d55c0492130afa100bc9efcd installed
acl-2.3.1-1.fc34.x86_64 1615881590 214311 bdbc4c79ac769f09ec05657245bc7feb installed
device-mapper-1.02.175-1.fc34.x86_64 1614009138 361579 d64e185439bfa70928a0c4f99d945856 installed
device-mapper-libs-1.02.175-1.fc34.x86_64 1614009138 427225 d53ec1c68396895e9f4b076b4c17e191 installed
cryptsetup-libs-2.3.7-1.fc34.x86_64 1642071704 2127139 070751d642beed7a94b3063ee4a6c735 installed
dbus-1:1.12.20-3.fc34.x86_64 1611634081 0 9e75bf4e5996cca0dbc52a802c82d64c installed
systemd-pam-248.10-1.fc34.x86_64 1642072106 952746 db0cc0e5a7a23389a6df1a9db31df6b1 installed
systemd-248.10-1.fc34.x86_64 1642072106 13608786 3779be9880907664933d30aed28dd6d7 installed
dbus-common-1:1.12.20-3.fc34.noarch 1611637228 11481 f6142d11a8b182b7a899b33303710c74 installed
dbus-broker-29-2.fc34.x86_64 1627556446 396543 4b1e13ce01d2394420ca14ae40f8dd92 installed
systemd-devel-248.10-1.fc34.x86_64 1642072106 451673 2e4511f8d8f6c93473afed699f3c1db3 installed
libtool-2.4.6-40.fc34.x86_64 1611744770 2687554 b2b84f5b10f18f7bc0b2a0e37018f9f4 installed
annobin-9.79-2.fc34.x86_64 1628635297 277163 8cab3638cae3cee008ea5a4a6c177dc9 installed
gcc-c++-11.2.1-9.fc34.x86_64 1643275848 31307030 f008ff9caeb5ab258df9ed1a135b012d installed
gmp-devel-1:6.2.0-6.fc34.x86_64 1611661283 358959 98bcd99b9264735a71addb38a5c5efd2 installed
tmux-3.1c-2.fc34.x86_64 1611895927 930604 76bc4b26c132f9f5b1a8d6e294461115 installed
wget-1.21.3-1.fc34.x86_64 1647353618 3393890 8c4e8f0ed1726e03c04a745180163886 installed
ncurses-devel-6.2-4.20200222.fc34.x86_64 1611766576 868775 071d23d58264e9a8c10906245c4137aa installed
zlib-devel-1.2.11-26.fc34.x86_64 1617200601 141092 fb6221c796612d98919bc2444dc2c5ed installed
ncurses-compat-libs-6.2-4.20200222.fc34.x86_64 1611766576 1078358 4e642b2fea6578825d50e79f4e60bcf7 installed
libffi-devel-3.1-28.fc34.x86_64 1611731196 27392 5f2cc13354e7a7e94a5a476502d162c6 installed
